0 info it worked if it ends with ok
1 verbose cli [ '/usr/local/Cellar/node/5.9.1/bin/node',
1 verbose cli   '/usr/local/bin/npm',
1 verbose cli   'install',
1 verbose cli   '-g',
1 verbose cli   'cordova',
1 verbose cli   'ionic9ea808693e' ]
2 info using npm@3.7.3
3 info using node@v5.9.1
4 silly loadCurrentTree Starting
5 silly install loadCurrentTree
6 silly install readGlobalPackageData
7 silly fetchPackageMetaData cordova
8 silly fetchPackageMetaData ionic9ea808693e
9 silly fetchNamedPackageData cordova
10 silly mapToRegistry name cordova
11 silly mapToRegistry using default registry
12 silly mapToRegistry registry https://registry.npmjs.org/
13 silly mapToRegistry uri https://registry.npmjs.org/cordova
14 silly fetchNamedPackageData ionic9ea808693e
15 silly mapToRegistry name ionic9ea808693e
16 silly mapToRegistry using default registry
17 silly mapToRegistry registry https://registry.npmjs.org/
18 silly mapToRegistry uri https://registry.npmjs.org/ionic9ea808693e
19 verbose request uri https://registry.npmjs.org/ionic9ea808693e
20 verbose request no auth needed
21 info attempt registry request try #1 at 20:00:13
22 verbose request id 7c9d17608a60503b
23 http request GET https://registry.npmjs.org/ionic9ea808693e
24 verbose request uri https://registry.npmjs.org/cordova
25 verbose request no auth needed
26 info attempt registry request try #1 at 20:00:14
27 verbose etag "6FLL74TT1H0O8YEE3TEUIKVU6"
28 http request GET https://registry.npmjs.org/cordova
29 http 404 https://registry.npmjs.org/ionic9ea808693e
30 verbose headers { 'content-type': 'application/json',
30 verbose headers   'cache-control': 'max-age=0',
30 verbose headers   'content-length': '2',
30 verbose headers   'accept-ranges': 'bytes',
30 verbose headers   date: 'Fri, 10 Jun 2016 23:00:14 GMT',
30 verbose headers   via: '1.1 varnish',
30 verbose headers   age: '0',
30 verbose headers   connection: 'keep-alive',
30 verbose headers   'x-served-by': 'cache-atl6245-ATL',
30 verbose headers   'x-cache': 'MISS',
30 verbose headers   'x-cache-hits': '0',
30 verbose headers   'x-timer': 'S1465599614.887419,VS0,VE82',
30 verbose headers   vary: 'Accept-Encoding' }
31 silly get cb [ 404,
31 silly get   { 'content-type': 'application/json',
31 silly get     'cache-control': 'max-age=0',
31 silly get     'content-length': '2',
31 silly get     'accept-ranges': 'bytes',
31 silly get     date: 'Fri, 10 Jun 2016 23:00:14 GMT',
31 silly get     via: '1.1 varnish',
31 silly get     age: '0',
31 silly get     connection: 'keep-alive',
31 silly get     'x-served-by': 'cache-atl6245-ATL',
31 silly get     'x-cache': 'MISS',
31 silly get     'x-cache-hits': '0',
31 silly get     'x-timer': 'S1465599614.887419,VS0,VE82',
31 silly get     vary: 'Accept-Encoding' } ]
32 silly fetchPackageMetaData Error: Registry returned 404 for GET on https://registry.npmjs.org/ionic9ea808693e
32 silly fetchPackageMetaData     at makeError (/usr/local/lib/node_modules/npm/node_modules/npm-registry-client/lib/request.js:264:12)
32 silly fetchPackageMetaData     at CachingRegistryClient.<anonymous> (/usr/local/lib/node_modules/npm/node_modules/npm-registry-client/lib/request.js:242:14)
32 silly fetchPackageMetaData     at Request._callback (/usr/local/lib/node_modules/npm/node_modules/npm-registry-client/lib/request.js:172:14)
32 silly fetchPackageMetaData     at Request.self.callback (/usr/local/lib/node_modules/npm/node_modules/request/request.js:199:22)
32 silly fetchPackageMetaData     at emitTwo (events.js:100:13)
32 silly fetchPackageMetaData     at Request.emit (events.js:185:7)
32 silly fetchPackageMetaData     at Request.<anonymous> (/usr/local/lib/node_modules/npm/node_modules/request/request.js:1036:10)
32 silly fetchPackageMetaData     at emitOne (events.js:95:20)
32 silly fetchPackageMetaData     at Request.emit (events.js:182:7)
32 silly fetchPackageMetaData     at IncomingMessage.<anonymous> (/usr/local/lib/node_modules/npm/node_modules/request/request.js:963:12)
32 silly fetchPackageMetaData  error for ionic9ea808693e { [Error: Registry returned 404 for GET on https://registry.npmjs.org/ionic9ea808693e] pkgid: 'ionic9ea808693e', statusCode: 404, code: 'E404' }
33 http 200 https://registry.npmjs.org/cordova
34 verbose headers { server: 'CouchDB/1.5.0 (Erlang OTP/R16B03)',
34 verbose headers   etag: '"4SYEYW4PF9Z0F6AMTIL8G4VQC"',
34 verbose headers   'content-type': 'application/json',
34 verbose headers   'content-encoding': 'gzip',
34 verbose headers   'cache-control': 'max-age=300',
34 verbose headers   'content-length': '34546',
34 verbose headers   'accept-ranges': 'bytes',
34 verbose headers   date: 'Fri, 10 Jun 2016 23:00:14 GMT',
34 verbose headers   via: '1.1 varnish',
34 verbose headers   age: '289',
34 verbose headers   connection: 'keep-alive',
34 verbose headers   'x-served-by': 'cache-atl6240-ATL',
34 verbose headers   'x-cache': 'HIT',
34 verbose headers   'x-cache-hits': '1',
34 verbose headers   'x-timer': 'S1465599614.809841,VS0,VE0',
34 verbose headers   vary: 'Accept-Encoding' }
35 silly get cb [ 200,
35 silly get   { server: 'CouchDB/1.5.0 (Erlang OTP/R16B03)',
35 silly get     etag: '"4SYEYW4PF9Z0F6AMTIL8G4VQC"',
35 silly get     'content-type': 'application/json',
35 silly get     'content-encoding': 'gzip',
35 silly get     'cache-control': 'max-age=300',
35 silly get     'content-length': '34546',
35 silly get     'accept-ranges': 'bytes',
35 silly get     date: 'Fri, 10 Jun 2016 23:00:14 GMT',
35 silly get     via: '1.1 varnish',
35 silly get     age: '289',
35 silly get     connection: 'keep-alive',
35 silly get     'x-served-by': 'cache-atl6240-ATL',
35 silly get     'x-cache': 'HIT',
35 silly get     'x-cache-hits': '1',
35 silly get     'x-timer': 'S1465599614.809841,VS0,VE0',
35 silly get     vary: 'Accept-Encoding' } ]
36 verbose get saving cordova to /var/root/.npm/registry.npmjs.org/cordova/.cache.json
37 verbose correctMkdir /var/root/.npm correctMkdir not in flight; initializing
38 silly rollbackFailedOptional Starting
39 silly rollbackFailedOptional Finishing
40 silly runTopLevelLifecycles Starting
41 silly runTopLevelLifecycles Finishing
42 silly install printInstalled
43 verbose stack Error: Registry returned 404 for GET on https://registry.npmjs.org/ionic9ea808693e
43 verbose stack     at makeError (/usr/local/lib/node_modules/npm/node_modules/npm-registry-client/lib/request.js:264:12)
43 verbose stack     at CachingRegistryClient.<anonymous> (/usr/local/lib/node_modules/npm/node_modules/npm-registry-client/lib/request.js:242:14)
43 verbose stack     at Request._callback (/usr/local/lib/node_modules/npm/node_modules/npm-registry-client/lib/request.js:172:14)
43 verbose stack     at Request.self.callback (/usr/local/lib/node_modules/npm/node_modules/request/request.js:199:22)
43 verbose stack     at emitTwo (events.js:100:13)
43 verbose stack     at Request.emit (events.js:185:7)
43 verbose stack     at Request.<anonymous> (/usr/local/lib/node_modules/npm/node_modules/request/request.js:1036:10)
43 verbose stack     at emitOne (events.js:95:20)
43 verbose stack     at Request.emit (events.js:182:7)
43 verbose stack     at IncomingMessage.<anonymous> (/usr/local/lib/node_modules/npm/node_modules/request/request.js:963:12)
44 verbose statusCode 404
45 verbose pkgid ionic9ea808693e
46 verbose cwd /Users/Unix/github/NODE/PrototipoTelas/TCC
47 error Darwin 15.5.0
48 error argv "/usr/local/Cellar/node/5.9.1/bin/node" "/usr/local/bin/npm" "install" "-g" "cordova" "ionic9ea808693e"
49 error node v5.9.1
50 error npm  v3.7.3
51 error code E404
52 error 404 Registry returned 404 for GET on https://registry.npmjs.org/ionic9ea808693e
53 error 404
54 error 404 'ionic9ea808693e' is not in the npm registry.
55 error 404 You should bug the author to publish it (or use the name yourself!)
56 error 404 Note that you can also install from a
57 error 404 tarball, folder, http url, or git url.
58 verbose exit [ 1, true ]
